Determining if the pthread_create exist failed with the following output:
Change Dir: /champ_ws/build/CMakeFiles/CMakeTmp

Run Build Command:"/usr/bin/make" "cmTC_e3e38/fast"
/usr/bin/make -f CMakeFiles/cmTC_e3e38.dir/build.make CMakeFiles/cmTC_e3e38.dir/build
make[1]: Entering directory '/champ_ws/build/CMakeFiles/CMakeTmp'
Building C object CMakeFiles/cmTC_e3e38.dir/CheckSymbolExists.c.o
/usr/bin/cc    -o CMakeFiles/cmTC_e3e38.dir/CheckSymbolExists.c.o   -c /champ_ws/build/CMakeFiles/CMakeTmp/CheckSymbolExists.c
Linking C executable cmTC_e3e38
/usr/bin/cmake -E cmake_link_script CMakeFiles/cmTC_e3e38.dir/link.txt --verbose=1
/usr/bin/cc      -rdynamic CMakeFiles/cmTC_e3e38.dir/CheckSymbolExists.c.o  -o cmTC_e3e38 
CMakeFiles/cmTC_e3e38.dir/CheckSymbolExists.c.o: In function `main':
CheckSymbolExists.c:(.text+0x1b): undefined reference to `pthread_create'
collect2: error: ld returned 1 exit status
CMakeFiles/cmTC_e3e38.dir/build.make:97: recipe for target 'cmTC_e3e38' failed
make[1]: *** [cmTC_e3e38] Error 1
make[1]: Leaving directory '/champ_ws/build/CMakeFiles/CMakeTmp'
Makefile:126: recipe for target 'cmTC_e3e38/fast' failed
make: *** [cmTC_e3e38/fast] Error 2

File /champ_ws/build/CMakeFiles/CMakeTmp/CheckSymbolExists.c:
/* */
#include <pthread.h>

int main(int argc, char** argv)
{
  (void)argv;
#ifndef pthread_create
  return ((int*)(&pthread_create))[argc];
#else
  (void)argc;
  return 0;
#endif
}

Determining if the function pthread_create exists in the pthreads failed with the following output:
Change Dir: /champ_ws/build/CMakeFiles/CMakeTmp

Run Build Command:"/usr/bin/make" "cmTC_f54ad/fast"
/usr/bin/make -f CMakeFiles/cmTC_f54ad.dir/build.make CMakeFiles/cmTC_f54ad.dir/build
make[1]: Entering directory '/champ_ws/build/CMakeFiles/CMakeTmp'
Building C object CMakeFiles/cmTC_f54ad.dir/CheckFunctionExists.c.o
/usr/bin/cc   -DCHECK_FUNCTION_EXISTS=pthread_create   -o CMakeFiles/cmTC_f54ad.dir/CheckFunctionExists.c.o   -c /usr/share/cmake-3.10/Modules/CheckFunctionExists.c
Linking C executable cmTC_f54ad
/usr/bin/cmake -E cmake_link_script CMakeFiles/cmTC_f54ad.dir/link.txt --verbose=1
/usr/bin/cc  -DCHECK_FUNCTION_EXISTS=pthread_create    -rdynamic CMakeFiles/cmTC_f54ad.dir/CheckFunctionExists.c.o  -o cmTC_f54ad -lpthreads 
/usr/bin/ld: cannot find -lpthreads
collect2: error: ld returned 1 exit status
CMakeFiles/cmTC_f54ad.dir/build.make:97: recipe for target 'cmTC_f54ad' failed
make[1]: *** [cmTC_f54ad] Error 1
make[1]: Leaving directory '/champ_ws/build/CMakeFiles/CMakeTmp'
Makefile:126: recipe for target 'cmTC_f54ad/fast' failed
make: *** [cmTC_f54ad/fast] Error 2


Determining if the pthread_create exist failed with the following output:
Change Dir: /champ_ws/build/CMakeFiles/CMakeTmp

Run Build Command:"/usr/bin/make" "cmTC_422e5/fast"
/usr/bin/make -f CMakeFiles/cmTC_422e5.dir/build.make CMakeFiles/cmTC_422e5.dir/build
make[1]: Entering directory '/champ_ws/build/CMakeFiles/CMakeTmp'
Building C object CMakeFiles/cmTC_422e5.dir/CheckSymbolExists.c.o
/usr/bin/cc    -o CMakeFiles/cmTC_422e5.dir/CheckSymbolExists.c.o   -c /champ_ws/build/CMakeFiles/CMakeTmp/CheckSymbolExists.c
Linking C executable cmTC_422e5
/usr/bin/cmake -E cmake_link_script CMakeFiles/cmTC_422e5.dir/link.txt --verbose=1
/usr/bin/cc      -rdynamic CMakeFiles/cmTC_422e5.dir/CheckSymbolExists.c.o  -o cmTC_422e5 
CMakeFiles/cmTC_422e5.dir/CheckSymbolExists.c.o: In function `main':
CheckSymbolExists.c:(.text+0x1b): undefined reference to `pthread_create'
collect2: error: ld returned 1 exit status
CMakeFiles/cmTC_422e5.dir/build.make:97: recipe for target 'cmTC_422e5' failed
make[1]: *** [cmTC_422e5] Error 1
make[1]: Leaving directory '/champ_ws/build/CMakeFiles/CMakeTmp'
Makefile:126: recipe for target 'cmTC_422e5/fast' failed
make: *** [cmTC_422e5/fast] Error 2

File /champ_ws/build/CMakeFiles/CMakeTmp/CheckSymbolExists.c:
/* */
#include <pthread.h>

int main(int argc, char** argv)
{
  (void)argv;
#ifndef pthread_create
  return ((int*)(&pthread_create))[argc];
#else
  (void)argc;
  return 0;
#endif
}

Determining if the function pthread_create exists in the pthreads failed with the following output:
Change Dir: /champ_ws/build/CMakeFiles/CMakeTmp

Run Build Command:"/usr/bin/make" "cmTC_fe401/fast"
/usr/bin/make -f CMakeFiles/cmTC_fe401.dir/build.make CMakeFiles/cmTC_fe401.dir/build
make[1]: Entering directory '/champ_ws/build/CMakeFiles/CMakeTmp'
Building C object CMakeFiles/cmTC_fe401.dir/CheckFunctionExists.c.o
/usr/bin/cc   -DCHECK_FUNCTION_EXISTS=pthread_create   -o CMakeFiles/cmTC_fe401.dir/CheckFunctionExists.c.o   -c /usr/share/cmake-3.10/Modules/CheckFunctionExists.c
Linking C executable cmTC_fe401
/usr/bin/cmake -E cmake_link_script CMakeFiles/cmTC_fe401.dir/link.txt --verbose=1
/usr/bin/cc  -DCHECK_FUNCTION_EXISTS=pthread_create    -rdynamic CMakeFiles/cmTC_fe401.dir/CheckFunctionExists.c.o  -o cmTC_fe401 -lpthreads 
/usr/bin/ld: cannot find -lpthreads
collect2: error: ld returned 1 exit status
CMakeFiles/cmTC_fe401.dir/build.make:97: recipe for target 'cmTC_fe401' failed
make[1]: *** [cmTC_fe401] Error 1
make[1]: Leaving directory '/champ_ws/build/CMakeFiles/CMakeTmp'
Makefile:126: recipe for target 'cmTC_fe401/fast' failed
make: *** [cmTC_fe401/fast] Error 2


